# JRE version: OpenJDK Runtime Environment (7.0_75-b13) (build 1.7.0_75-b13)
# Java VM: OpenJDK 64-Bit Server VM (24.75-b04 mixed mode linux-amd64 compressed oops)
Heap
 PSYoungGen      total 142336K, used 0K [0x00000000eb600000, 0x00000000ff780000, 0x0000000100000000)
  eden space 118272K, 0% used [0x00000000eb600000,0x00000000eb600000,0x00000000f2980000)
  from space 24064K, 0% used [0x00000000f2980000,0x00000000f2980000,0x00000000f4100000)
  to   space 105472K, 0% used [0x00000000f9080000,0x00000000f9080000,0x00000000ff780000)
 ParOldGen       total 490496K, used 436788K [0x00000000c2200000, 0x00000000e0100000, 0x00000000eb600000)
  object space 490496K, 89% used [0x00000000c2200000,0x00000000dcc8d0d0,0x00000000e0100000)
 PSPermGen       total 116224K, used 64421K [0x00000000b7c00000, 0x00000000bed80000, 0x00000000c2200000)
  object space 116224K, 55% used [0x00000000b7c00000,0x00000000bbae9628,0x00000000bed80000)
GC Heap History (10 events):
Event: 196,164 GC heap after
Heap after GC invocations=39 (full 6):
 PSYoungGen      total 240128K, used 51744K [0x00000000eb600000, 0x0000000100000000, 0x0000000100000000)
  eden space 154112K, 0% used [0x00000000eb600000,0x00000000eb600000,0x00000000f4c80000)
  from space 86016K, 60% used [0x00000000f4c80000,0x00000000f7f08000,0x00000000fa080000)
  to   space 87552K, 0% used [0x00000000faa80000,0x00000000faa80000,0x0000000100000000)
 ParOldGen       total 490496K, used 321636K [0x00000000c2200000, 0x00000000e0100000, 0x00000000eb600000)
  object space 490496K, 65% used [0x00000000c2200000,0x00000000d5c190c0,0x00000000e0100000)
 PSPermGen       total 116224K, used 64417K [0x00000000b7c00000, 0x00000000bed80000, 0x00000000c2200000)
  object space 116224K, 55% used [0x00000000b7c00000,0x00000000bbae8538,0x00000000bed80000)
}
Event: 196,539 GC heap before
{Heap before GC invocations=40 (full 6):
 PSYoungGen      total 240128K, used 205856K [0x00000000eb600000, 0x0000000100000000, 0x0000000100000000)
  eden space 154112K, 100% used [0x00000000eb600000,0x00000000f4c80000,0x00000000f4c80000)
  from space 86016K, 60% used [0x00000000f4c80000,0x00000000f7f08000,0x00000000fa080000)
  to   space 87552K, 0% used [0x00000000faa80000,0x00000000faa80000,0x0000000100000000)
 ParOldGen       total 490496K, used 321636K [0x00000000c2200000, 0x00000000e0100000, 0x00000000eb600000)
  object space 490496K, 65% used [0x00000000c2200000,0x00000000d5c190c0,0x00000000e0100000)
 PSPermGen       total 116224K, used 64420K [0x00000000b7c00000, 0x00000000bed80000, 0x00000000c2200000)
  object space 116224K, 55% used [0x00000000b7c00000,0x00000000bbae9228,0x00000000bed80000)
Event: 196,865 GC heap after
Heap after GC invocations=40 (full 6):
 PSYoungGen      total 224768K, used 85728K [0x00000000eb600000, 0x0000000100000000, 0x0000000100000000)
  eden space 137216K, 0% used [0x00000000eb600000,0x00000000eb600000,0x00000000f3c00000)
  from space 87552K, 97% used [0x00000000faa80000,0x00000000ffe38000,0x0000000100000000)
  to   space 100352K, 0% used [0x00000000f3c00000,0x00000000f3c00000,0x00000000f9e00000)
 ParOldGen       total 490496K, used 321636K [0x00000000c2200000, 0x00000000e0100000, 0x00000000eb600000)
  object space 490496K, 65% used [0x00000000c2200000,0x00000000d5c190c0,0x00000000e0100000)
 PSPermGen       total 116224K, used 64420K [0x00000000b7c00000, 0x00000000bed80000, 0x00000000c2200000)
  object space 116224K, 55% used [0x00000000b7c00000,0x00000000bbae9228,0x00000000bed80000)
}
Event: 197,203 GC heap before
{Heap before GC invocations=41 (full 6):
 PSYoungGen      total 224768K, used 222944K [0x00000000eb600000, 0x0000000100000000, 0x0000000100000000)
  eden space 137216K, 100% used [0x00000000eb600000,0x00000000f3c00000,0x00000000f3c00000)
  from space 87552K, 97% used [0x00000000faa80000,0x00000000ffe38000,0x0000000100000000)
  to   space 100352K, 0% used [0x00000000f3c00000,0x00000000f3c00000,0x00000000f9e00000)
 ParOldGen       total 490496K, used 321636K [0x00000000c2200000, 0x00000000e0100000, 0x00000000eb600000)
  object space 490496K, 65% used [0x00000000c2200000,0x00000000d5c190c0,0x00000000e0100000)
 PSPermGen       total 116224K, used 64420K [0x00000000b7c00000, 0x00000000bed80000, 0x00000000c2200000)
  object space 116224K, 55% used [0x00000000b7c00000,0x00000000bbae92f0,0x00000000bed80000)
Event: 198,030 GC heap after
Heap after GC invocations=41 (full 6):
 PSYoungGen      total 224768K, used 87296K [0x00000000eb600000, 0x0000000100000000, 0x0000000100000000)
  eden space 137216K, 0% used [0x00000000eb600000,0x00000000eb600000,0x00000000f3c00000)
  from space 87552K, 99% used [0x00000000f3c00000,0x00000000f9140000,0x00000000f9180000)
  to   space 111616K, 0% used [0x00000000f9300000,0x00000000f9300000,0x0000000100000000)
 ParOldGen       total 490496K, used 344540K [0x00000000c2200000, 0x00000000e0100000, 0x00000000eb600000)
  object space 490496K, 70% used [0x00000000c2200000,0x00000000d72770c0,0x00000000e0100000)
 PSPermGen       total 116224K, used 64420K [0x00000000b7c00000, 0x00000000bed80000, 0x00000000c2200000)
  object space 116224K, 55% used [0x00000000b7c00000,0x00000000bbae92f0,0x00000000bed80000)
}
Event: 198,683 GC heap before
{Heap before GC invocations=42 (full 6):
 PSYoungGen      total 224768K, used 224512K [0x00000000eb600000, 0x0000000100000000, 0x0000000100000000)
  eden space 137216K, 100% used [0x00000000eb600000,0x00000000f3c00000,0x00000000f3c00000)
  from space 87552K, 99% used [0x00000000f3c00000,0x00000000f9140000,0x00000000f9180000)
  to   space 111616K, 0% used [0x00000000f9300000,0x00000000f9300000,0x0000000100000000)
 ParOldGen       total 490496K, used 344540K [0x00000000c2200000, 0x00000000e0100000, 0x00000000eb600000)
  object space 490496K, 70% used [0x00000000c2200000,0x00000000d72770c0,0x00000000e0100000)
 PSPermGen       total 116224K, used 64420K [0x00000000b7c00000, 0x00000000bed80000, 0x00000000c2200000)
  object space 116224K, 55% used [0x00000000b7c00000,0x00000000bbae93e0,0x00000000bed80000)
Event: 199,291 GC heap after
Heap after GC invocations=42 (full 6):
 PSYoungGen      total 229888K, used 53312K [0x00000000eb600000, 0x0000000100000000, 0x0000000100000000)
  eden space 118272K, 0% used [0x00000000eb600000,0x00000000eb600000,0x00000000f2980000)
  from space 111616K, 47% used [0x00000000f9300000,0x00000000fc710000,0x0000000100000000)
  to   space 108032K, 0% used [0x00000000f2980000,0x00000000f2980000,0x00000000f9300000)
 ParOldGen       total 490496K, used 402580K [0x00000000c2200000, 0x00000000e0100000, 0x00000000eb600000)
  object space 490496K, 82% used [0x00000000c2200000,0x00000000dab250c0,0x00000000e0100000)
 PSPermGen       total 116224K, used 64420K [0x00000000b7c00000, 0x00000000bed80000, 0x00000000c2200000)
  object space 116224K, 55% used [0x00000000b7c00000,0x00000000bbae93e0,0x00000000bed80000)
}
Event: 199,593 GC heap before
{Heap before GC invocations=43 (full 6):
 PSYoungGen      total 229888K, used 171584K [0x00000000eb600000, 0x0000000100000000, 0x0000000100000000)
  eden space 118272K, 100% used [0x00000000eb600000,0x00000000f2980000,0x00000000f2980000)
  from space 111616K, 47% used [0x00000000f9300000,0x00000000fc710000,0x0000000100000000)
  to   space 108032K, 0% used [0x00000000f2980000,0x00000000f2980000,0x00000000f9300000)
 ParOldGen       total 490496K, used 402580K [0x00000000c2200000, 0x00000000e0100000, 0x00000000eb600000)
  object space 490496K, 82% used [0x00000000c2200000,0x00000000dab250c0,0x00000000e0100000)
 PSPermGen       total 116224K, used 64421K [0x00000000b7c00000, 0x00000000bed80000, 0x00000000c2200000)
  object space 116224K, 55% used [0x00000000b7c00000,0x00000000bbae9628,0x00000000bed80000)
Event: 203,395 GC heap after
Heap after GC invocations=43 (full 6):
 PSYoungGen      total 142336K, used 23904K [0x00000000eb600000, 0x00000000ff780000, 0x0000000100000000)
  eden space 118272K, 0% used [0x00000000eb600000,0x00000000eb600000,0x00000000f2980000)
  from space 24064K, 99% used [0x00000000f2980000,0x00000000f40d8000,0x00000000f4100000)
  to   space 105472K, 0% used [0x00000000f9080000,0x00000000f9080000,0x00000000ff780000)
 ParOldGen       total 490496K, used 453492K [0x00000000c2200000, 0x00000000e0100000, 0x00000000eb600000)
  object space 490496K, 92% used [0x00000000c2200000,0x00000000ddcdd0c0,0x00000000e0100000)
 PSPermGen       total 116224K, used 64421K [0x00000000b7c00000, 0x00000000bed80000, 0x00000000c2200000)
  object space 116224K, 55% used [0x00000000b7c00000,0x00000000bbae9628,0x00000000bed80000)
}
Event: 203,513 GC heap before
{Heap before GC invocations=44 (full 7):
 PSYoungGen      total 142336K, used 23904K [0x00000000eb600000, 0x00000000ff780000, 0x0000000100000000)
  eden space 118272K, 0% used [0x00000000eb600000,0x00000000eb600000,0x00000000f2980000)
  from space 24064K, 99% used [0x00000000f2980000,0x00000000f40d8000,0x00000000f4100000)
  to   space 105472K, 0% used [0x00000000f9080000,0x00000000f9080000,0x00000000ff780000)
 ParOldGen       total 490496K, used 453492K [0x00000000c2200000, 0x00000000e0100000, 0x00000000eb600000)
  object space 490496K, 92% used [0x00000000c2200000,0x00000000ddcdd0c0,0x00000000e0100000)
 PSPermGen       total 116224K, used 64421K [0x00000000b7c00000, 0x00000000bed80000, 0x00000000c2200000)
  object space 116224K, 55% used [0x00000000b7c00000,0x00000000bbae9628,0x00000000bed80000)

